<?xml version="1.0" encoding="UTF-8"?>
<!-- Generated by org.testng.reporters.JUnitReportReporter -->
<testsuite hostname="DESKTOP-PIUBL5A" failures="0" tests="2" name="com.sarvika.ShopStarTestAutomation.TestCC" time="9.068" errors="0" timestamp="2021-06-21T11:53:05 IST" skipped="0">
  <testcase classname="com.sarvika.ShopStarTestAutomation.TestCC" name="testLogin" time="8.706"/>
  <system-out/>
  <testcase classname="com.sarvika.ShopStarTestAutomation.TestCC" name="enterCC" time="0.362"/>
  <system-out/>
</testsuite> <!-- com.sarvika.ShopStarTestAutomation.TestCC -->
