<?xml version="1.0" encoding="UTF-8"?>
<!-- Generated by org.testng.reporters.JUnitReportReporter -->
<testsuite hostname="DESKTOP-PIUBL5A" failures="0" tests="1" name="com.sarvika.ShopStarTestAutomation.AppTest" time="0.021" errors="0" timestamp="2021-06-21T11:53:05 IST" skipped="0">
  <testcase classname="com.sarvika.ShopStarTestAutomation.AppTest" name="testApp" time="0.021"/>
  <system-out/>
</testsuite> <!-- com.sarvika.ShopStarTestAutomation.AppTest -->
