<?xml version="1.0" encoding="UTF-8"?>
<!-- Generated by org.testng.reporters.JUnitReportReporter -->
<testsuite hostname="DESKTOP-PIUBL5A" failures="0" tests="1" name="com.selenium.docker.ContextMenu" time="3.199" errors="0" timestamp="2021-06-25T08:13:54 IST" skipped="0">
  <testcase classname="com.selenium.docker.ContextMenu" name="testLogin" time="3.199"/>
  <system-out>
Alert text is same  </system-out>
</testsuite> <!-- com.selenium.docker.ContextMenu -->
