<?xml version="1.0" encoding="UTF-8"?>
<!-- Generated by org.testng.reporters.JUnitReportReporter -->
<testsuite hostname="DESKTOP-PIUBL5A" failures="0" tests="6" name="com.sarvika.ShopStarTestAutomation.StaticPages" time="56.405" errors="0" timestamp="2021-06-23T13:00:43 IST" skipped="0">
  <testcase classname="com.sarvika.ShopStarTestAutomation.StaticPages" name="testCloseCookieBannerClose" time="6.404"/>
  <system-out>
Cookie element close successfully  </system-out>
  <testcase classname="com.sarvika.ShopStarTestAutomation.StaticPages" name="testStaticPagesContactUs" time="12.101"/>
  <system-out>
Contact Us page title match successfully  </system-out>
  <testcase classname="com.sarvika.ShopStarTestAutomation.StaticPages" name="testStaticPagesShippingAddress" time="9.617"/>
  <system-out>
Shipping Information page title match successfully  </system-out>
  <testcase classname="com.sarvika.ShopStarTestAutomation.StaticPages" name="testStaticPagesStorePolicy" time="9.487"/>
  <system-out>
Store Policy page title match successfully  </system-out>
  <testcase classname="com.sarvika.ShopStarTestAutomation.StaticPages" name="testStaticPagesPrivacyPolicy" time="9.360"/>
  <system-out>
Privacy Policy page title match successfully  </system-out>
  <testcase classname="com.sarvika.ShopStarTestAutomation.StaticPages" name="testStaticPagesTermsOfUse" time="9.436"/>
  <system-out>
Terms of Use page title match successfully  </system-out>
</testsuite> <!-- com.sarvika.ShopStarTestAutomation.StaticPages -->
