<?xml version="1.0" encoding="UTF-8"?>
<!-- Generated by org.testng.reporters.JUnitReportReporter -->
<testsuite hostname="DESKTOP-PIUBL5A" failures="0" tests="4" name="com.selenium.docker.DynamicControls" time="17.853" errors="0" timestamp="2021-06-25T08:13:54 IST" skipped="0">
  <testcase classname="com.selenium.docker.DynamicControls" name="testDynamicContentRemoveButton" time="3.195"/>
  <system-out>
Checkbox Successfully  </system-out>
  <testcase classname="com.selenium.docker.DynamicControls" name="testDynamicContentAddButton" time="8.229"/>
  <system-out>
Checkbox Successfully  </system-out>
  <testcase classname="com.selenium.docker.DynamicControls" name="testDynamicContentEnableButton" time="3.237"/>
  <system-out>
Button disabled Successfully  </system-out>
  <testcase classname="com.selenium.docker.DynamicControls" name="testDynamicContentDisableButton" time="3.192"/>
  <system-out>
Button enabled Successfully  </system-out>
</testsuite> <!-- com.selenium.docker.DynamicControls -->
