<?xml version="1.0" encoding="UTF-8"?>
<!-- Generated by org.testng.reporters.JUnitReportReporter -->
<testsuite hostname="DESKTOP-PIUBL5A" failures="0" tests="1" name="com.selenium.docker.Download" time="3.142" errors="0" timestamp="2021-06-25T08:13:54 IST" skipped="0">
  <testcase classname="com.selenium.docker.Download" name="testDownload" time="3.142"/>
  <system-out>
File downloaded Successfully  </system-out>
</testsuite> <!-- com.selenium.docker.Download -->
