<?xml version="1.0" encoding="UTF-8"?>
<!-- Generated by org.testng.reporters.JUnitReportReporter -->
<testsuite hostname="DESKTOP-PIUBL5A" failures="0" tests="3" name="com.sarvika.ShopStarTestAutomation.Search" time="43.455" errors="0" timestamp="2021-06-23T13:00:43 IST" skipped="0">
  <testcase classname="com.sarvika.ShopStarTestAutomation.Search" name="testLogin" time="3.122"/>
  <system-out>
Login again Successful  </system-out>
  <testcase classname="com.sarvika.ShopStarTestAutomation.Search" name="searchBox" time="33.633"/>
  <system-out>
CFAH02 Search product Successfully  </system-out>
  <testcase classname="com.sarvika.ShopStarTestAutomation.Search" name="testLogout" time="6.700"/>
  <system-out>
Logout Successful  </system-out>
</testsuite> <!-- com.sarvika.ShopStarTestAutomation.Search -->
