<?xml version="1.0" encoding="UTF-8"?>
<!-- Generated by org.testng.reporters.JUnitReportReporter -->
<testsuite hostname="DESKTOP-PIUBL5A" failures="0" tests="3" name="com.sarvika.ShopStarTestAutomation.LoginSignUp" time="24.356" errors="0" timestamp="2021-06-23T13:00:43 IST" skipped="0">
  <testcase classname="com.sarvika.ShopStarTestAutomation.LoginSignUp" name="testRegistration" time="12.548"/>
  <system-out>
Registration Successful  </system-out>
  <testcase classname="com.sarvika.ShopStarTestAutomation.LoginSignUp" name="testLogout" time="1.146"/>
  <system-out>
Logout Successful  </system-out>
  <testcase classname="com.sarvika.ShopStarTestAutomation.LoginSignUp" name="testLogin" time="10.662"/>
  <system-out>
Re-Login again Successful  </system-out>
</testsuite> <!-- com.sarvika.ShopStarTestAutomation.LoginSignUp -->
