<?xml version="1.0" encoding="UTF-8"?>
<!-- Generated by org.testng.reporters.JUnitReportReporter -->
<testsuite hostname="DESKTOP-PIUBL5A" failures="0" tests="3" name="com.selenium.docker.JSAlert" time="11.280" errors="0" timestamp="2021-06-25T08:13:54 IST" skipped="0">
  <testcase classname="com.selenium.docker.JSAlert" name="testJSAlert" time="3.096"/>
  <system-out>
Alert text is same  </system-out>
  <testcase classname="com.selenium.docker.JSAlert" name="testDynamicContentAddButton" time="5.097"/>
  <system-out>
Alert text is same  </system-out>
  <testcase classname="com.selenium.docker.JSAlert" name="testDynamicContentEnableButton" time="3.087"/>
  <system-out>
Alert text is same  </system-out>
</testsuite> <!-- com.selenium.docker.JSAlert -->
