<?xml version="1.0" encoding="UTF-8"?>
<!-- Generated by org.testng.reporters.JUnitReportReporter -->
<testsuite hostname="DESKTOP-PIUBL5A" failures="0" tests="1" name="com.selenium.docker.Hover" time="3.454" errors="0" timestamp="2021-06-25T08:13:55 IST" skipped="0">
  <testcase classname="com.selenium.docker.Hover" name="testHover" time="3.454"/>
  <system-out>
Hover display Successfully  </system-out>
</testsuite> <!-- com.selenium.docker.Hover -->
