<?xml version="1.0" encoding="UTF-8"?>
<!-- Generated by org.testng.reporters.JUnitReportReporter -->
<testsuite hostname="DESKTOP-PIUBL5A" failures="0" tests="1" name="com.selenium.docker.FloatingMenu" time="3.134" errors="0" timestamp="2021-06-25T08:13:54 IST" skipped="0">
  <testcase classname="com.selenium.docker.FloatingMenu" name="testFloatingMenu" time="3.134"/>
  <system-out>
Floating menu exist  </system-out>
</testsuite> <!-- com.selenium.docker.FloatingMenu -->
