<?xml version="1.0" encoding="UTF-8"?>
<!-- Generated by org.testng.reporters.JUnitReportReporter -->
<testsuite hostname="DESKTOP-PIUBL5A" failures="0" tests="1" name="com.selenium.backbase.DisplayPaginatedList" time="74.390" errors="0" timestamp="2021-06-27T02:05:31 IST" skipped="0">
  <testcase classname="com.selenium.backbase.DisplayPaginatedList" name="testDisplayPaginatedList" time="74.390"/>
  <system-out>
Feed Url qa1 get Successfully Feed Url lalalala get Successfully Feed Url lalalala get Successfully Feed Url sssatish4 get Successfully Feed Url suresh get Successfully Feed Url bert51 get Successfully Feed Url rosie24 get Successfully Feed Url soledadwindler get Successfully Feed Url glennatorp61 get Successfully Feed Url rosie24 get Successfully Feed Url bert51 get Successfully Feed Url westleykrajcik44 get Successfully Feed Url desmondbahringer71 get Successfully  </system-out>
</testsuite> <!-- com.selenium.backbase.DisplayPaginatedList -->
