<?xml version="1.0" encoding="UTF-8"?>
<!-- Generated by org.testng.reporters.JUnitReportReporter -->
<testsuite hostname="DESKTOP-PIUBL5A" failures="0" tests="1" name="com.selenium.docker.DisplayPaginatedList" time="73.157" errors="0" timestamp="2021-06-27T01:54:47 IST" skipped="0">
  <testcase classname="com.selenium.docker.DisplayPaginatedList" name="testDisplayPaginatedList" time="73.157"/>
  <system-out>
Feed Url qa1 get Successfully Feed Url lalalala get Successfully Feed Url lalalala get Successfully Feed Url naresh get Successfully Feed Url suresh get Successfully Feed Url desmondbahringer71 get Successfully Feed Url bert51 get Successfully Feed Url glennatorp61 get Successfully Feed Url marlonklocko19 get Successfully Feed Url webstergoyette5 get Successfully Feed Url desmondbahringer71 get Successfully Feed Url brauliogleichner22 get Successfully Feed Url glennatorp61 get Successfully  </system-out>
</testsuite> <!-- com.selenium.docker.DisplayPaginatedList -->
