<?xml version="1.0" encoding="UTF-8"?>
<!-- Generated by org.testng.reporters.JUnitReportReporter -->
<testsuite hostname="DESKTOP-PIUBL5A" failures="0" tests="1" name="com.selenium.docker.LoginFailure" time="3.685" errors="0" timestamp="2021-06-25T08:13:54 IST" skipped="0">
  <testcase classname="com.selenium.docker.LoginFailure" name="testLoginFail" time="3.685"/>
  <system-out>
Login not Successful  </system-out>
</testsuite> <!-- com.selenium.docker.LoginFailure -->
