<?xml version="1.0" encoding="UTF-8"?>
<!-- Generated by org.testng.reporters.JUnitReportReporter -->
<testsuite hostname="DESKTOP-PIUBL5A" failures="0" tests="1" name="com.selenium.docker.TestCheckBox" time="3.115" errors="0" timestamp="2021-06-25T08:13:54 IST" skipped="0">
  <testcase classname="com.selenium.docker.TestCheckBox" name="testCheckBox" time="3.115"/>
  <system-out>
Checkbox Successfully  </system-out>
</testsuite> <!-- com.selenium.docker.TestCheckBox -->
